<?xml version="1.0" encoding="UTF-8"?>
<!-- Generated by org.testng.reporters.JUnitReportReporter -->
<testsuite hostname="DESKTOP-9JRIH4T" failures="0" tests="11" name="Login" time="135.694" errors="0" timestamp="07 Feb 2023 08:21:30 GMT" skipped="0">
  <testcase classname="Login" name="loginTest" time="13.176"/>
  <testcase classname="Login" name="loginTest" time="11.980"/>
  <testcase classname="Login" name="loginTest" time="14.187"/>
  <testcase classname="Login" name="loginTest" time="11.151"/>
  <testcase classname="Login" name="loginTest" time="10.830"/>
  <testcase classname="Login" name="loginTest" time="10.696"/>
  <testcase classname="Login" name="loginTest" time="12.513"/>
  <testcase classname="Login" name="loginTest" time="11.191"/>
  <testcase classname="Login" name="loginTest" time="13.815"/>
  <testcase classname="Login" name="loginTest" time="10.864"/>
  <testcase classname="Login" name="loginTest" time="15.291"/>
</testsuite> <!-- Login -->
