<?xml version="1.0" encoding="UTF-8"?>
<!-- Generated by org.testng.reporters.JUnitReportReporter -->
<testsuite hostname="DESKTOP-9JRIH4T" failures="0" tests="1" name="Test.Login" time="0.000" errors="0" timestamp="07 Feb 2023 11:39:56 GMT" skipped="1">
  <testcase classname="Test.Login" name="loginTest" time="0.000">
    <skipped/>
  </testcase> <!-- loginTest -->
</testsuite> <!-- Test.Login -->
